<?xml version="1.0" encoding="UTF-8"?>
<testsuite name="io.github.roebi.qffxguilib.telemetry.ClientSpansTest" tests="19" skipped="0" failures="0" errors="0" timestamp="2026-05-11T13:11:43.614Z" hostname="fedora.home" time="0.05">
  <properties/>
  <testcase name="fxEventDispatch_hasEventTypeAttribute()" classname="io.github.roebi.qffxguilib.telemetry.ClientSpansTest" time="0.034"/>
  <testcase name="verificationWait_hasComponentAttribute()" classname="io.github.roebi.qffxguilib.telemetry.ClientSpansTest" time="0.001"/>
  <testcase name="queueWait_viaExplicitTracer()" classname="io.github.roebi.qffxguilib.telemetry.ClientSpansTest" time="0.003"/>
  <testcase name="queueWait_spanIsFinishedAfterArrived()" classname="io.github.roebi.qffxguilib.telemetry.ClientSpansTest" time="0.001"/>
  <testcase name="queueWait_hasStepIdAttribute()" classname="io.github.roebi.qffxguilib.telemetry.ClientSpansTest" time="0.0"/>
  <testcase name="queueWait_hasComponentAttribute()" classname="io.github.roebi.qffxguilib.telemetry.ClientSpansTest" time="0.001"/>
  <testcase name="queueWait_enqueueNanos_capturedAtCreation()" classname="io.github.roebi.qffxguilib.telemetry.ClientSpansTest" time="0.002"/>
  <testcase name="fxEventDispatch_hasStepIdAttribute()" classname="io.github.roebi.qffxguilib.telemetry.ClientSpansTest" time="0.0"/>
  <testcase name="verificationWait_spanNotFinishedBeforeClose()" classname="io.github.roebi.qffxguilib.telemetry.ClientSpansTest" time="0.001"/>
  <testcase name="fxEventDispatch_hasComponentAttribute()" classname="io.github.roebi.qffxguilib.telemetry.ClientSpansTest" time="0.0"/>
  <testcase name="verificationWait_spanName_isFxVerificationWait()" classname="io.github.roebi.qffxguilib.telemetry.ClientSpansTest" time="0.001"/>
  <testcase name="fxEventDispatch_viaExplicitTracer()" classname="io.github.roebi.qffxguilib.telemetry.ClientSpansTest" time="0.0"/>
  <testcase name="verificationWait_viaExplicitTracer()" classname="io.github.roebi.qffxguilib.telemetry.ClientSpansTest" time="0.0"/>
  <testcase name="verificationWait_hasStepIdAttribute()" classname="io.github.roebi.qffxguilib.telemetry.ClientSpansTest" time="0.0"/>
  <testcase name="verificationWait_pollCountZeroIfNeverIncremented()" classname="io.github.roebi.qffxguilib.telemetry.ClientSpansTest" time="0.0"/>
  <testcase name="queueWait_spanName_isFxQueueWait()" classname="io.github.roebi.qffxguilib.telemetry.ClientSpansTest" time="0.0"/>
  <testcase name="queueWait_recordsWaitMsAttribute()" classname="io.github.roebi.qffxguilib.telemetry.ClientSpansTest" time="0.001"/>
  <testcase name="verificationWait_pollCountMatchesIncrementCalls()" classname="io.github.roebi.qffxguilib.telemetry.ClientSpansTest" time="0.0"/>
  <testcase name="fxEventDispatch_spanName_isFxEventDispatch()" classname="io.github.roebi.qffxguilib.telemetry.ClientSpansTest" time="0.001"/>
  <system-out><![CDATA[]]></system-out>
  <system-err><![CDATA[]]></system-err>
</testsuite>
