<?xml version="1.0" encoding="UTF-8"?>
<testsuite name="io.github.roebi.qffxguilib.telemetry.ServerTelemetryTest" tests="4" skipped="0" failures="0" errors="0" timestamp="2026-05-11T13:11:43.674Z" hostname="fedora.home" time="0.001">
  <properties/>
  <testcase name="tracer_throwsIfNotInitialised()" classname="io.github.roebi.qffxguilib.telemetry.ServerTelemetryTest" time="0.0"/>
  <testcase name="shutdown_canBeCalledWithoutInit()" classname="io.github.roebi.qffxguilib.telemetry.ServerTelemetryTest" time="0.001"/>
  <testcase name="shutdown_thenTracer_throwsAgain()" classname="io.github.roebi.qffxguilib.telemetry.ServerTelemetryTest" time="0.0"/>
  <testcase name="init_idempotent_doesNotThrowOnSecondCall()" classname="io.github.roebi.qffxguilib.telemetry.ServerTelemetryTest" time="0.0"/>
  <system-out><![CDATA[]]></system-out>
  <system-err><![CDATA[]]></system-err>
</testsuite>
