<?xml version="1.0" encoding="UTF-8"?>
<testsuite name="io.github.roebi.qffxguilib.telemetry.ClientTelemetryTest" tests="5" skipped="0" failures="0" errors="0" timestamp="2026-05-11T13:11:43.665Z" hostname="fedora.home" time="0.002">
  <properties/>
  <testcase name="tracer_throwsIfNotInitialised()" classname="io.github.roebi.qffxguilib.telemetry.ClientTelemetryTest" time="0.0"/>
  <testcase name="shutdown_canBeCalledWithoutInit()" classname="io.github.roebi.qffxguilib.telemetry.ClientTelemetryTest" time="0.0"/>
  <testcase name="shutdown_thenTracer_throwsAgain()" classname="io.github.roebi.qffxguilib.telemetry.ClientTelemetryTest" time="0.001"/>
  <testcase name="init_blankClientId_throws()" classname="io.github.roebi.qffxguilib.telemetry.ClientTelemetryTest" time="0.0"/>
  <testcase name="init_nullClientId_throws()" classname="io.github.roebi.qffxguilib.telemetry.ClientTelemetryTest" time="0.0"/>
  <system-out><![CDATA[]]></system-out>
  <system-err><![CDATA[]]></system-err>
</testsuite>
